<?xml version="1.0" encoding="UTF-8"?>
<!-- Generated by org.testng.reporters.JUnitXMLReporter -->
<testsuite ignored="0" hostname="Sathish" failures="1" tests="4" name="Youtube" time="218.714" errors="0" timestamp="2021-06-20T23:43:04 IST">
  <testcase classname="com.FYR.Test.YouTubeTest" name="doSearch" time="0.718">
    <failure type="java.lang.IllegalArgumentException" message="Keys to send should be a not null CharSequence">
      <![CDATA[java.lang.IllegalArgumentException: Keys to send should be a not null CharSequence
at org.openqa.selenium.remote.RemoteWebElement.sendKeys(RemoteWebElement.java:97)
at com.FYG.pages.Youtube.searchUTube(Youtube.java:19)
at com.FYR.Test.YouTubeTest.doSearch(YouTubeTest.java:19)
at java.base/java.util.ArrayList.forEach(ArrayList.java:1511)
at java.base/java.util.concurrent.FutureTask.run(FutureTask.java:264)
at java.base/java.util.concurrent.ThreadPoolExecutor.runWorker(ThreadPoolExecutor.java:1130)
at java.base/java.util.concurrent.ThreadPoolExecutor$Worker.run(ThreadPoolExecutor.java:630)
at java.base/java.lang.Thread.run(Thread.java:832)
... Removed 18 stack frames]]>
    </failure>
  </testcase> <!-- doSearch -->
  <testcase classname="com.FYR.Test.YouTubeTest" name="doSearch" time="0.508"/>
  <testcase classname="com.FYR.Test.YouTubeTest" name="doSearch" time="0.063"/>
  <testcase classname="com.FYR.Test.YouTubeTest" name="doSearch" time="0.876"/>
</testsuite> <!-- Youtube -->
